<?xml version="1.0" encoding="UTF-8" ?>
<testsuite errors="1" failures="0" hostname="P6" name="com.allendowney.javacs.MyBetterMapTest" skipped="0" tests="1" time="0.0" timestamp="2021-06-25T13:22:03">
  <properties>
    <property name="java.vendor" value="AdoptOpenJDK" />
    <property name="env.IDEA_INITIAL_DIRECTORY" value="C:\Program Files\JetBrains\IntelliJ IDEA Community Edition 2021.1.1\bin" />
    <property name="env.USERDOMAIN_ROAMINGPROFILE" value="P6" />
    <property name="sun.java.launcher" value="SUN_STANDARD" />
    <property name="sun.management.compiler" value="HotSpot 64-Bit Tiered Compilers" />
    <property name="os.name" value="Windows 10" />
    <property name="env.DriverData" value="C:\Windows\System32\Drivers\DriverData" />
    <property name="env.COMPUTERNAME" value="P6" />
    <property name="env.CommonProgramW6432" value="C:\Program Files\Common Files" />
    <property name="env.ALLUSERSPROFILE" value="C:\ProgramData" />
    <property name="sun.desktop" value="windows" />
    <property name="java.vm.specification.vendor" value="Oracle Corporation" />
    <property name="ant.home" value="C:\Program Files\JetBrains\IntelliJ IDEA Community Edition 2021.1.1\lib\ant" />
    <property name="java.runtime.version" value="11.0.10+9" />
    <property name="env.HOMEPATH" value="\Users\dsa21" />
    <property name="user.name" value="dsa21" />
    <property name="user.language" value="en" />
    <property name="sun.boot.library.path" value="C:\Program Files\AdoptOpenJDK\jdk-11.0.10.9-hotspot\bin" />
    <property name="ant.project.default-target" value="build" />
    <property name="ant.project.name" value="JavaCS" />
    <property name="java.vm.compressedOopsMode" value="32-bit" />
    <property name="java.version" value="11.0.10" />
    <property name="env.PROCESSOR_IDENTIFIER" value="Intel64 Family 6 Model 142 Stepping 10, GenuineIntel" />
    <property name="user.timezone" value="" />
    <property name="env.TEMP" value="C:\Users\dsa21\AppData\Local\Temp" />
    <property name="sun.arch.data.model" value="64" />
    <property name="sun.cpu.isalist" value="amd64" />
    <property name="env.HOMEDRIVE" value="C:" />
    <property name="sun.jnu.encoding" value="Cp1252" />
    <property name="file.separator" value="\" />
    <property name="java.specification.name" value="Java Platform API Specification" />
    <property name="java.class.version" value="55.0" />
    <property name="user.country" value="CA" />
    <property name="ant.file.JavaCS" value="C:\Users\dsa21\IdeaProjects\ThinkDataStructures\code\build.xml" />
    <property name="java.home" value="C:\Program Files\AdoptOpenJDK\jdk-11.0.10.9-hotspot" />
    <property name="env.PSModulePath" value="C:\Program Files\WindowsPowerShell\Modules;C:\WINDOWS\system32\WindowsPowerShell\v1.0\Modules" />
    <property name="env.APPDATA" value="C:\Users\dsa21\AppData\Roaming" />
    <property name="java.vm.info" value="mixed mode" />
    <property name="env.PUBLIC" value="C:\Users\Public" />
    <property name="env.ComSpec" value="C:\WINDOWS\system32\cmd.exe" />
    <property name="env.OS" value="Windows_NT" />
    <property name="env.CommonProgramFiles" value="C:\Program Files\Common Files" />
    <property name="os.version" value="10.0" />
    <property name="ant.file" value="C:\Users\dsa21\IdeaProjects\ThinkDataStructures\code\build.xml" />
    <property name="env.ProgramW6432" value="C:\Program Files" />
    <property name="env.=::" value="::\" />
    <property name="path.separator" value=";" />
    <property name="java.vm.version" value="11.0.10+9" />
    <property name="env.USERPROFILE" value="C:\Users\dsa21" />
    <property name="user.variant" value="" />
    <property name="ant.library.dir" value="C:\Program Files\JetBrains\IntelliJ IDEA Community Edition 2021.1.1\lib\ant\lib" />
    <property name="junit.output.dir" value="junit" />
    <property name="env.JAVA_HOME" value="C:\Program Files\AdoptOpenJDK\jdk-11.0.10.9-hotspot\" />
    <property name="java.awt.printerjob" value="sun.awt.windows.WPrinterJob" />
    <property name="env.TMP" value="C:\Users\dsa21\AppData\Local\Temp" />
    <property name="sun.io.unicode.encoding" value="UnicodeLittle" />
    <property name="awt.toolkit" value="sun.awt.windows.WToolkit" />
    <property name="user.script" value="" />
    <property name="target" value="1.7" />
    <property name="user.home" value="C:\Users\dsa21" />
    <property name="env.ProgramData" value="C:\ProgramData" />
    <property name="env.ProgramFiles(x86)" value="C:\Program Files (x86)" />
    <property name="env.SESSIONNAME" value="Console" />
    <property name="java.version.date" value="2021-01-19" />
    <property name="java.specification.vendor" value="Oracle Corporation" />
    <property name="env.NUMBER_OF_PROCESSORS" value="8" />
    <property name="java.library.path" value="C:\Program Files\AdoptOpenJDK\jdk-11.0.10.9-hotspot\bin;C:\WINDOWS\Sun\Java\bin;C:\WINDOWS\system32;C:\WINDOWS;C:\Program Files\AdoptOpenJDK\jdk-11.0.10.9-hotspot\bin;C:\Program Files\Common Files\Oracle\Java\javapath;C:\WINDOWS\system32;C:\WINDOWS;C:\WINDOWS\System32\Wbem;C:\WINDOWS\System32\WindowsPowerShell\v1.0\;C:\WINDOWS\System32\OpenSSH\;C:\Program Files (x86)\Common Files\Propellerhead Software\ReWire\;C:\Program Files\Common Files\Propellerhead Software\ReWire\;C:\Program Files (x86)\Calibre2\;C:\Program Files\Git\cmd;C:\Users\dsa21\AppData\Local\Microsoft\WindowsApps;;." />
    <property name="java.vendor.url" value="https://adoptopenjdk.net/" />
    <property name="java.vm.vendor" value="AdoptOpenJDK" />
    <property name="java.runtime.name" value="OpenJDK Runtime Environment" />
    <property name="sun.java.command" value="org.apache.tools.ant.taskdefs.optional.junit.JUnitTestRunner com.allendowney.javacs.MyBetterMapTest skipNonTests=false filtertrace=true haltOnError=false haltOnFailure=false formatter=org.apache.tools.ant.taskdefs.optional.junit.OutErrSummaryJUnitResultFormatter showoutput=false outputtoformatters=true logfailedtests=true threadid=0 logtestlistenerevents=false formatter=org.apache.tools.ant.taskdefs.optional.junit.XMLJUnitResultFormatter,C:\Users\dsa21\IdeaProjects\ThinkDataStructures\code\junit\TEST-com.allendowney.javacs.MyBetterMapTest.xml crashfile=C:\Users\dsa21\IdeaProjects\ThinkDataStructures\code\junitvmwatcher11848689075228522499.properties propsfile=C:\Users\dsa21\IdeaProjects\ThinkDataStructures\code\junit6902051496408671790.properties" />
    <property name="java.class.path" value="C:\Users\dsa21\IdeaProjects\ThinkDataStructures\code\lib\jedis-2.8.0.jar;C:\Users\dsa21\IdeaProjects\ThinkDataStructures\code\lib\jsoup-1.8.3.jar;C:\Users\dsa21\IdeaProjects\ThinkDataStructures\code\lib\junit-4.12.jar;C:\Users\dsa21\IdeaProjects\ThinkDataStructures\code\lib\hamcrest-core-1.3.jar;C:\Users\dsa21\IdeaProjects\ThinkDataStructures\code\lib\jcommon-1.0.23.jar;C:\Users\dsa21\IdeaProjects\ThinkDataStructures\code\lib\jfreechart-1.0.19.jar;C:\Users\dsa21\IdeaProjects\ThinkDataStructures\code\lib\servlet.jar;C:\Users\dsa21\IdeaProjects\ThinkDataStructures\code\lib\ant-junit.jar;C:\Users\dsa21\IdeaProjects\ThinkDataStructures\code\lib\commons-math3-3.6.jar;C:\Users\dsa21\IdeaProjects\ThinkDataStructures\code\lib\hamcrest-library-1.3.jar;C:\Program Files\JetBrains\IntelliJ IDEA Community Edition 2021.1.1\lib\ant\lib\ant-launcher.jar;C:\Program Files\JetBrains\IntelliJ IDEA Community Edition 2021.1.1\lib\ant\lib\ant.jar;C:\Program Files\JetBrains\IntelliJ IDEA Community Edition 2021.1.1\lib\ant\lib\ant-junit.jar;C:\Program Files\JetBrains\IntelliJ IDEA Community Edition 2021.1.1\lib\ant\lib\ant-junit4.jar" />
    <property name="ant.version" value="Apache Ant(TM) version 1.10.5 compiled on July 10 2018" />
    <property name="jdk.debug" value="release" />
    <property name="ant.file.type.JavaCS" value="file" />
    <property name="java.vm.specification.name" value="Java Virtual Machine Specification" />
    <property name="ant.file.type" value="file" />
    <property name="env.windir" value="C:\WINDOWS" />
    <property name="env.LOGONSERVER" value="\\P6" />
    <property name="java.vm.specification.version" value="11" />
    <property name="env.PROCESSOR_ARCHITECTURE" value="AMD64" />
    <property name="sun.cpu.endian" value="little" />
    <property name="sun.os.patch.level" value="" />
    <property name="env.OneDrive" value="C:\Users\dsa21\OneDrive" />
    <property name="debuglevel" value="source,lines,vars" />
    <property name="env.ProgramFiles" value="C:\Program Files" />
    <property name="env.PROCESSOR_REVISION" value="8e0a" />
    <property name="java.io.tmpdir" value="C:\Users\dsa21\AppData\Local\Temp\" />
    <property name="env.CommonProgramFiles(x86)" value="C:\Program Files (x86)\Common Files" />
    <property name="java.vendor.url.bug" value="https://github.com/AdoptOpenJDK/openjdk-support/issues" />
    <property name="env.OneDriveConsumer" value="C:\Users\dsa21\OneDrive" />
    <property name="env.SystemRoot" value="C:\WINDOWS" />
    <property name="os.arch" value="amd64" />
    <property name="java.awt.graphicsenv" value="sun.awt.Win32GraphicsEnvironment" />
    <property name="user.dir" value="C:\Users\dsa21\IdeaProjects\ThinkDataStructures\code" />
    <property name="env.LOCALAPPDATA" value="C:\Users\dsa21\AppData\Local" />
    <property name="line.separator" value="&#xd;&#xa;" />
    <property name="java.vm.name" value="OpenJDK 64-Bit Server VM" />
    <property name="env.PATHEXT" value=".COM;.EXE;.BAT;.CMD;.VBS;.VBE;.JS;.JSE;.WSF;.WSH;.MSC" />
    <property name="env.Path" value="C:\Program Files\AdoptOpenJDK\jdk-11.0.10.9-hotspot\bin;C:\Program Files\Common Files\Oracle\Java\javapath;C:\WINDOWS\system32;C:\WINDOWS;C:\WINDOWS\System32\Wbem;C:\WINDOWS\System32\WindowsPowerShell\v1.0\;C:\WINDOWS\System32\OpenSSH\;C:\Program Files (x86)\Common Files\Propellerhead Software\ReWire\;C:\Program Files\Common Files\Propellerhead Software\ReWire\;C:\Program Files (x86)\Calibre2\;C:\Program Files\Git\cmd;C:\Users\dsa21\AppData\Local\Microsoft\WindowsApps;" />
    <property name="basedir" value="C:\Users\dsa21\IdeaProjects\ThinkDataStructures\code" />
    <property name="ant.java.version" value="11" />
    <property name="ant.core.lib" value="C:\Program Files\JetBrains\IntelliJ IDEA Community Edition 2021.1.1\lib\ant\lib\ant.jar" />
    <property name="env.USERNAME" value="dsa21" />
    <property name="env.SystemDrive" value="C:" />
    <property name="source" value="1.7" />
    <property name="file.encoding" value="Cp1252" />
    <property name="env.USERDOMAIN" value="P6" />
    <property name="java.specification.version" value="11" />
    <property name="ant.project.invoked-targets" value="MyBetterMapTest" />
    <property name="java.vendor.version" value="AdoptOpenJDK" />
    <property name="env.PROCESSOR_LEVEL" value="6" />
  </properties>
  <error message="com.allendowney.javacs.MyBetterMapTest" type="java.lang.ClassNotFoundException">java.lang.ClassNotFoundException: com.allendowney.javacs.MyBetterMapTest
	at java.base/jdk.internal.loader.BuiltinClassLoader.loadClass(BuiltinClassLoader.java:581)
	at java.base/jdk.internal.loader.ClassLoaders$AppClassLoader.loadClass(ClassLoaders.java:178)
	at java.base/java.lang.ClassLoader.loadClass(ClassLoader.java:522)
	at java.base/java.lang.Class.forName0(Native Method)
	at java.base/java.lang.Class.forName(Class.java:315)
</error>
  <system-out><![CDATA[]]></system-out>
  <system-err><![CDATA[]]></system-err>
</testsuite>
